<?xml version="1.0" encoding="UTF-8"?>
<!-- Generated by org.testng.reporters.JUnitXMLReporter -->
<testsuite ignored="0" hostname="DhananjayP-PC" failures="0" tests="4" name="Test2" time="0.015" errors="0" timestamp="2023-11-22T21:38:26 IST">
  <testcase classname="Day_36.pack1.DBTest1" name="test_insert" time="0.001"/>
  <testcase classname="Day_36.pack1.DBTest1" name="test_update" time="0.002"/>
  <testcase classname="Day_36.pack1.DBTest2" name="test_select" time="0.002"/>
  <testcase classname="Day_36.pack1.DBTest2" name="test_delete" time="0.002"/>
</testsuite> <!-- Test2 -->
