<?xml version="1.0" encoding="UTF-8"?>
<!-- Generated by org.testng.reporters.JUnitXMLReporter -->
<testsuite ignored="6" hostname="DhananjayP-PC" failures="0" tests="3" name="mytest" time="0.058" errors="0" timestamp="2023-11-23T21:33:49 IST">
  <testcase classname="Day_37_Grouping.GroupingDemo" name="loginByfacebook" time="0.008"/>
  <testcase classname="Day_37_Grouping.GroupingDemo" name="loginBytwitter" time="0.001"/>
  <testcase classname="Day_37_Grouping.GroupingDemo" name="paymentBydoller" time="0.002"/>
  <testcase classname="Day_37_Grouping.GroupingDemo" name="paymentByrupees" time="0.0">
    <ignored/>
  </testcase> <!-- paymentByrupees -->
  <testcase classname="Day_37_Grouping.GroupingDemo" name="signeupBytwitter" time="0.0">
    <ignored/>
  </testcase> <!-- signeupBytwitter -->
  <testcase classname="Day_37_Grouping.GroupingDemo" name="paymentReturnByBank" time="0.0">
    <ignored/>
  </testcase> <!-- paymentReturnByBank -->
  <testcase classname="Day_37_Grouping.GroupingDemo" name="signupByEmail" time="0.0">
    <ignored/>
  </testcase> <!-- signupByEmail -->
  <testcase classname="Day_37_Grouping.GroupingDemo" name="loginByEmail" time="0.0">
    <ignored/>
  </testcase> <!-- loginByEmail -->
  <testcase classname="Day_37_Grouping.GroupingDemo" name="signeupByfacebook" time="0.0">
    <ignored/>
  </testcase> <!-- signeupByfacebook -->
</testsuite> <!-- mytest -->
