<?xml version="1.0" encoding="UTF-8"?>
<!-- Generated by org.testng.reporters.JUnitXMLReporter -->
<testsuite ignored="0" hostname="DhananjayP-PC" failures="1" tests="3" name="MyTest" time="0.068" errors="0" timestamp="2023-12-01T23:41:55 IST">
  <testcase classname="Day_39_TestNG.Listeners.MyTest" name="test1" time="0.008"/>
  <testcase classname="Day_39_TestNG.Listeners.MyTest" name="test2" time="0.008">
    <failure type="java.lang.AssertionError" message="expected [B] but found [A]">
      <![CDATA[java.lang.AssertionError: expected [B] but found [A]
at Day_39_TestNG.Listeners.MyTest.test2(MyTest.java:19)
at java.base/java.util.ArrayList.forEach(ArrayList.java:1511)
... Removed 33 stack frames]]>
    </failure>
  </testcase> <!-- test2 -->
  <testcase classname="Day_39_TestNG.Listeners.MyTest" name="test3" time="0.0">
    <skipped/>
  </testcase> <!-- test3 -->
</testsuite> <!-- MyTest -->
